18/04/2018 22:08:17 - https://www.globo.com/- online: true
18/04/2018 22:08:18 - https://random-status-code.herokuapp.com/- online: false
18/04/2018 22:08:19 - https://www.alura.com.br- online: true
18/04/2018 22:08:29 - https://www.caelum.com.br- online: true
18/04/2018 22:08:30 - https://random-status-code.herokuapp.com/- online: true
18/04/2018 22:08:31 - https://random-status-code.herokuapp.com/- online: false
18/04/2018 22:08:32 - https://random-status-code.herokuapp.com/- online: false
18/04/2018 22:08:32 - https://random-status-code.herokuapp.com/- online: true
18/04/2018 22:08:33 - https://random-status-code.herokuapp.com/- online: true
18/04/2018 22:08:34 - https://random-status-code.herokuapp.com/- online: false
18/04/2018 22:08:35 - https://random-status-code.herokuapp.com/- online: true
18/04/2018 22:08:36 - https://random-status-code.herokuapp.com/- online: false
18/04/2018 22:08:36 - https://random-status-code.herokuapp.com/- online: false
18/04/2018 22:08:37 - https://random-status-code.herokuapp.com/- online: true
18/04/2018 22:08:38 - https://random-status-code.herokuapp.com/- online: true
18/04/2018 22:08:39 - https://random-status-code.herokuapp.com/- online: false
18/04/2018 22:08:40 - https://random-status-code.herokuapp.com/- online: false
18/04/2018 22:08:41 - https://random-status-code.herokuapp.com/- online: true
18/04/2018 22:08:42 - https://random-status-code.herokuapp.com/- online: true
18/04/2018 22:08:42 - https://random-status-code.herokuapp.com/- online: true
18/04/2018 22:08:43 - https://random-status-code.herokuapp.com/- online: true
18/04/2018 22:08:44 - https://random-status-code.herokuapp.com/- online: false
18/04/2018 22:08:49 - https://www.globo.com/- online: true
18/04/2018 22:08:50 - https://random-status-code.herokuapp.com/- online: true
18/04/2018 22:08:50 - https://www.alura.com.br- online: true
18/04/2018 22:08:51 - https://www.caelum.com.br- online: true
18/04/2018 22:08:52 - https://random-status-code.herokuapp.com/- online: true
18/04/2018 22:08:52 - https://random-status-code.herokuapp.com/- online: false
18/04/2018 22:08:53 - https://random-status-code.herokuapp.com/- online: false
18/04/2018 22:08:54 - https://random-status-code.herokuapp.com/- online: false
18/04/2018 22:08:55 - https://random-status-code.herokuapp.com/- online: true
18/04/2018 22:08:56 - https://random-status-code.herokuapp.com/- online: false
18/04/2018 22:08:56 - https://random-status-code.herokuapp.com/- online: false
18/04/2018 22:08:57 - https://random-status-code.herokuapp.com/- online: true
18/04/2018 22:08:58 - https://random-status-code.herokuapp.com/- online: false
18/04/2018 22:08:59 - https://random-status-code.herokuapp.com/- online: false
18/04/2018 22:09:00 - https://random-status-code.herokuapp.com/- online: false
18/04/2018 22:09:01 - https://random-status-code.herokuapp.com/- online: true
18/04/2018 22:09:01 - https://random-status-code.herokuapp.com/- online: true
18/04/2018 22:09:02 - https://random-status-code.herokuapp.com/- online: true
18/04/2018 22:09:03 - https://random-status-code.herokuapp.com/- online: false
18/04/2018 22:09:04 - https://random-status-code.herokuapp.com/- online: true
18/04/2018 22:09:05 - https://random-status-code.herokuapp.com/- online: false
18/04/2018 22:09:06 - https://random-status-code.herokuapp.com/- online: false
18/04/2018 22:09:11 - https://www.globo.com/- online: true
18/04/2018 22:09:11 - https://random-status-code.herokuapp.com/- online: true
18/04/2018 22:09:12 - https://www.alura.com.br- online: true
18/04/2018 22:09:12 - https://www.caelum.com.br- online: true
18/04/2018 22:09:13 - https://random-status-code.herokuapp.com/- online: true
18/04/2018 22:09:14 - https://random-status-code.herokuapp.com/- online: true
18/04/2018 22:09:15 - https://random-status-code.herokuapp.com/- online: false
18/04/2018 22:09:15 - https://random-status-code.herokuapp.com/- online: false
18/04/2018 22:09:16 - https://random-status-code.herokuapp.com/- online: false
18/04/2018 22:09:17 - https://random-status-code.herokuapp.com/- online: false
18/04/2018 22:09:18 - https://random-status-code.herokuapp.com/- online: false
18/04/2018 22:09:19 - https://random-status-code.herokuapp.com/- online: false
18/04/2018 22:09:19 - https://random-status-code.herokuapp.com/- online: false
18/04/2018 22:09:20 - https://random-status-code.herokuapp.com/- online: true
18/04/2018 22:09:21 - https://random-status-code.herokuapp.com/- online: true
18/04/2018 22:09:22 - https://random-status-code.herokuapp.com/- online: true
18/04/2018 22:09:23 - https://random-status-code.herokuapp.com/- online: true
18/04/2018 22:09:23 - https://random-status-code.herokuapp.com/- online: false
18/04/2018 22:09:24 - https://random-status-code.herokuapp.com/- online: true
18/04/2018 22:09:25 - https://random-status-code.herokuapp.com/- online: true
18/04/2018 22:09:26 - https://random-status-code.herokuapp.com/- online: true
18/04/2018 22:09:27 - https://random-status-code.herokuapp.com/- online: false
18/04/2018 22:20:28 - https://www.globo.com/- online: true
18/04/2018 22:20:29 - https://random-status-code.herokuapp.com/- online: true
18/04/2018 22:20:30 - https://www.alura.com.br- online: true
18/04/2018 22:20:31 - https://www.caelum.com.br- online: true
18/04/2018 22:20:32 - https://random-status-code.herokuapp.com/- online: false
18/04/2018 22:20:33 - https://random-status-code.herokuapp.com/- online: true
18/04/2018 22:20:34 - https://random-status-code.herokuapp.com/- online: false
18/04/2018 22:20:35 - https://random-status-code.herokuapp.com/- online: false
18/04/2018 22:20:37 - https://random-status-code.herokuapp.com/- online: false
18/04/2018 22:20:37 - https://random-status-code.herokuapp.com/- online: true
18/04/2018 22:20:38 - https://random-status-code.herokuapp.com/- online: false
18/04/2018 22:20:39 - https://random-status-code.herokuapp.com/- online: false
18/04/2018 22:20:41 - https://random-status-code.herokuapp.com/- online: true
18/04/2018 22:20:42 - https://random-status-code.herokuapp.com/- online: false
18/04/2018 22:20:42 - https://random-status-code.herokuapp.com/- online: false
18/04/2018 22:20:43 - https://random-status-code.herokuapp.com/- online: false
18/04/2018 22:20:44 - https://random-status-code.herokuapp.com/- online: false
18/04/2018 22:20:45 - https://random-status-code.herokuapp.com/- online: false
18/04/2018 22:20:46 - https://random-status-code.herokuapp.com/- online: false
18/04/2018 22:20:47 - https://random-status-code.herokuapp.com/- online: false
18/04/2018 22:20:47 - https://random-status-code.herokuapp.com/- online: false
18/04/2018 22:20:48 - https://random-status-code.herokuapp.com/- online: true
18/04/2018 22:20:53 - https://www.globo.com/- online: true
18/04/2018 22:20:54 - https://random-status-code.herokuapp.com/- online: false
18/04/2018 22:20:54 - https://www.alura.com.br- online: true
18/04/2018 22:20:55 - https://www.caelum.com.br- online: true
18/04/2018 22:20:56 - https://random-status-code.herokuapp.com/- online: false
18/04/2018 22:20:57 - https://random-status-code.herokuapp.com/- online: true
18/04/2018 22:20:57 - https://random-status-code.herokuapp.com/- online: true
18/04/2018 22:20:58 - https://random-status-code.herokuapp.com/- online: true
18/04/2018 22:20:59 - https://random-status-code.herokuapp.com/- online: true
18/04/2018 22:21:00 - https://random-status-code.herokuapp.com/- online: true
18/04/2018 22:21:01 - https://random-status-code.herokuapp.com/- online: false
18/04/2018 22:21:02 - https://random-status-code.herokuapp.com/- online: false
18/04/2018 22:21:02 - https://random-status-code.herokuapp.com/- online: false
18/04/2018 22:21:03 - https://random-status-code.herokuapp.com/- online: true
18/04/2018 22:21:04 - https://random-status-code.herokuapp.com/- online: false
18/04/2018 22:21:05 - https://random-status-code.herokuapp.com/- online: false
18/04/2018 22:21:05 - https://random-status-code.herokuapp.com/- online: true
18/04/2018 22:21:06 - https://random-status-code.herokuapp.com/- online: true
18/04/2018 22:21:07 - https://random-status-code.herokuapp.com/- online: false
18/04/2018 22:21:08 - https://random-status-code.herokuapp.com/- online: true
18/04/2018 22:21:10 - https://random-status-code.herokuapp.com/- online: true
18/04/2018 22:21:11 - https://random-status-code.herokuapp.com/- online: true
18/04/2018 22:21:16 - https://www.globo.com/- online: true
18/04/2018 22:21:16 - https://random-status-code.herokuapp.com/- online: true
18/04/2018 22:21:17 - https://www.alura.com.br- online: true
18/04/2018 22:21:17 - https://www.caelum.com.br- online: true
18/04/2018 22:21:18 - https://random-status-code.herokuapp.com/- online: true
18/04/2018 22:21:19 - https://random-status-code.herokuapp.com/- online: true
18/04/2018 22:21:19 - https://random-status-code.herokuapp.com/- online: true
18/04/2018 22:21:20 - https://random-status-code.herokuapp.com/- online: false
18/04/2018 22:21:21 - https://random-status-code.herokuapp.com/- online: false
18/04/2018 22:21:22 - https://random-status-code.herokuapp.com/- online: false
18/04/2018 22:21:23 - https://random-status-code.herokuapp.com/- online: true
18/04/2018 22:21:24 - https://random-status-code.herokuapp.com/- online: false
18/04/2018 22:21:49 - https://random-status-code.herokuapp.com/- online: true
18/04/2018 22:21:50 - https://random-status-code.herokuapp.com/- online: true
18/04/2018 22:21:51 - https://random-status-code.herokuapp.com/- online: false
18/04/2018 22:21:52 - https://random-status-code.herokuapp.com/- online: false
18/04/2018 22:21:52 - https://random-status-code.herokuapp.com/- online: true
18/04/2018 22:21:53 - https://random-status-code.herokuapp.com/- online: false
18/04/2018 22:21:54 - https://random-status-code.herokuapp.com/- online: false
18/04/2018 22:21:55 - https://random-status-code.herokuapp.com/- online: true
18/04/2018 22:21:56 - https://random-status-code.herokuapp.com/- online: true
18/04/2018 22:21:57 - https://random-status-code.herokuapp.com/- online: false
18/04/2018 22:24:45 - https://www.globo.com/- online: true
18/04/2018 22:24:46 - https://random-status-code.herokuapp.com/- online: true
18/04/2018 22:24:47 - https://www.alura.com.br- online: true
18/04/2018 22:24:48 - https://www.caelum.com.br- online: true
18/04/2018 22:24:49 - https://random-status-code.herokuapp.com/- online: false
18/04/2018 22:24:50 - https://random-status-code.herokuapp.com/- online: false
18/04/2018 22:24:51 - https://random-status-code.herokuapp.com/- online: true
18/04/2018 22:24:51 - https://random-status-code.herokuapp.com/- online: false
18/04/2018 22:24:52 - https://random-status-code.herokuapp.com/- online: true
18/04/2018 22:24:53 - https://random-status-code.herokuapp.com/- online: false
18/04/2018 22:24:54 - https://random-status-code.herokuapp.com/- online: false
18/04/2018 22:24:55 - https://random-status-code.herokuapp.com/- online: true
18/04/2018 22:24:55 - https://random-status-code.herokuapp.com/- online: true
18/04/2018 22:24:56 - https://random-status-code.herokuapp.com/- online: false
18/04/2018 22:24:57 - https://random-status-code.herokuapp.com/- online: true
18/04/2018 22:24:58 - https://random-status-code.herokuapp.com/- online: true
18/04/2018 22:24:59 - https://random-status-code.herokuapp.com/- online: false
18/04/2018 22:25:00 - https://random-status-code.herokuapp.com/- online: false
18/04/2018 22:25:00 - https://random-status-code.herokuapp.com/- online: true
18/04/2018 22:25:01 - https://random-status-code.herokuapp.com/- online: false
18/04/2018 22:25:02 - https://random-status-code.herokuapp.com/- online: true
18/04/2018 22:25:03 - https://random-status-code.herokuapp.com/- online: false
18/04/2018 22:25:08 - https://www.globo.com/- online: true
18/04/2018 22:25:09 - https://random-status-code.herokuapp.com/- online: true
18/04/2018 22:25:09 - https://www.alura.com.br- online: true
18/04/2018 22:25:09 - https://www.caelum.com.br- online: true
18/04/2018 22:25:10 - https://random-status-code.herokuapp.com/- online: false
18/04/2018 22:25:11 - https://random-status-code.herokuapp.com/- online: true
18/04/2018 22:25:12 - https://random-status-code.herokuapp.com/- online: true
18/04/2018 22:25:13 - https://random-status-code.herokuapp.com/- online: true
18/04/2018 22:25:13 - https://random-status-code.herokuapp.com/- online: false
18/04/2018 22:25:16 - https://random-status-code.herokuapp.com/- online: false
18/04/2018 22:25:17 - https://random-status-code.herokuapp.com/- online: true
18/04/2018 22:25:18 - https://random-status-code.herokuapp.com/- online: false
18/04/2018 22:25:19 - https://random-status-code.herokuapp.com/- online: false
18/04/2018 22:25:20 - https://random-status-code.herokuapp.com/- online: false
18/04/2018 22:25:21 - https://random-status-code.herokuapp.com/- online: true
18/04/2018 22:25:22 - https://random-status-code.herokuapp.com/- online: false
18/04/2018 22:25:22 - https://random-status-code.herokuapp.com/- online: false
18/04/2018 22:25:23 - https://random-status-code.herokuapp.com/- online: true
18/04/2018 22:25:24 - https://random-status-code.herokuapp.com/- online: false
18/04/2018 22:25:25 - https://random-status-code.herokuapp.com/- online: false
18/04/2018 22:25:26 - https://random-status-code.herokuapp.com/- online: false
18/04/2018 22:25:27 - https://random-status-code.herokuapp.com/- online: true
18/04/2018 22:25:32 - https://www.globo.com/- online: true
18/04/2018 22:25:33 - https://random-status-code.herokuapp.com/- online: false
18/04/2018 22:25:33 - https://www.alura.com.br- online: true
18/04/2018 22:25:34 - https://www.caelum.com.br- online: true
18/04/2018 22:25:34 - https://random-status-code.herokuapp.com/- online: true
18/04/2018 22:25:35 - https://random-status-code.herokuapp.com/- online: false
18/04/2018 22:25:36 - https://random-status-code.herokuapp.com/- online: true
18/04/2018 22:25:37 - https://random-status-code.herokuapp.com/- online: false
18/04/2018 22:25:38 - https://random-status-code.herokuapp.com/- online: false
18/04/2018 22:25:39 - https://random-status-code.herokuapp.com/- online: false
18/04/2018 22:25:39 - https://random-status-code.herokuapp.com/- online: true
18/04/2018 22:25:40 - https://random-status-code.herokuapp.com/- online: true
18/04/2018 22:25:41 - https://random-status-code.herokuapp.com/- online: false
18/04/2018 22:25:42 - https://random-status-code.herokuapp.com/- online: true
18/04/2018 22:25:43 - https://random-status-code.herokuapp.com/- online: true
18/04/2018 22:25:43 - https://random-status-code.herokuapp.com/- online: false
18/04/2018 22:25:44 - https://random-status-code.herokuapp.com/- online: false
18/04/2018 22:25:45 - https://random-status-code.herokuapp.com/- online: false
18/04/2018 22:25:46 - https://random-status-code.herokuapp.com/- online: false
18/04/2018 22:25:47 - https://random-status-code.herokuapp.com/- online: false
18/04/2018 22:25:47 - https://random-status-code.herokuapp.com/- online: false
18/04/2018 22:25:48 - https://random-status-code.herokuapp.com/- online: false
